                        .module smartio_hardware_interface.c
                        .area text(rom, con, rel)
 0000                   .dbfile C:\Work\newtech\Smart.IO\MCU-App\Host_Interface_Layer\LibSmartIO-AVR-M328P-JumpStartC\smartio_hardware_interface.c
                        .area vector(rom, abs)
                        .org 12
 000C 0C940000          jmp _host_irq_handler
                        .area text(rom, con, rel)
 0000                   .dbfile C:\Work\newtech\Smart.IO\MCU-App\Host_Interface_Layer\LibSmartIO-AVR-M328P-JumpStartC\smartio_hardware_interface.c
                        .area text(rom, con, rel)
 0000                   .dbfile C:\Work\newtech\Smart.IO\MCU-App\Host_Interface_Layer\LibSmartIO-AVR-M328P-JumpStartC\smartio_hardware_interface.c
 0000                   .dbfunc e SmartIO_HardReset _SmartIO_HardReset#Fvv fV 39 18263640
 0000           ;        myDelay -> R16,R17
                        .even
 0000           _SmartIO_HardReset#Fvv::
 0000                   .dbblock 40
 0000                   .dbline 41
 0000 08E7              ldi R16,1400
 0002 15E0              ldi R17,5
 0004                   .dbline 42
 0004 2998              cbi 0x5,1
 0006 01C0              xjmp L5
 0008           L4:
 0008                   .dbline 45
 0008 0000              NOP
 000A           L5:
 000A                   .dbline 43
 000A 1801              movw R2,R16
 000C 0150              subi R16,1
 000E 1040              sbci R17,0
 0010 2220              tst R2
 0012 D1F7              brne L4
 0014 3320              tst R3
 0016 C1F7              brne L4
 0018           X0:
 0018                   .dbline 47
 0018 299A              sbi 0x5,1
 001A                   .dbblkend 48
 001A           L3:
 001A 0895              ret
 001C                   .dbfuncend
 001C                   .dbsym r myDelay 16 i
 001C                   .dbstacksize -2
 001C                   .dbfunc e host_irq_handler _host_irq_handler#Fvv fV 104 18263640
                        .even
 001C           _host_irq_handler#Fvv::
 001C           	.nocc_start
 001C 0A92              st -y,R0
 001E 1A92              st -y,R1
 0020 2A92              st -y,R2
 0022 3A92              st -y,R3
 0024 4A92              st -y,R4
 0026 5A92              st -y,R5
 0028 6A92              st -y,R6
 002A 7A92              st -y,R7
 002C 8A92              st -y,R8
 002E 9A92              st -y,R9
 0030 0A93              st -y,R16
 0032 1A93              st -y,R17
 0034 2A93              st -y,R18
 0036 3A93              st -y,R19
 0038 8A93              st -y,R24
 003A 9A93              st -y,R25
 003C AA93              st -y,R26
 003E BA93              st -y,R27
 0040 EA93              st -y,R30
 0042 FA93              st -y,R31
 0044 0FB6              IN R0,63
 0046 0A92              st -y,R0
 0048                   .dbblock 105
 0048                   .dbline 109
 0048 189B              sbis 0x3,0
 004A 0BC0              rjmp L8
 004C           X1:
 004C 20900000          lds R2,_hostCallback#PFvvE
 0050 30900100          lds R3,_hostCallback#PFvvE+1
 0054 2220              tst R2
 0056 11F4              brne X2
 0058 3320              tst R3
 005A 19F0              breq L8
 005C           X2:
 005C                   .dbline 111
 005C F101              movw R30,R2
 005E 0E940000          xcall xicall
 0062           L8:
 0062                   .dbblkend 113
 0062           L7:
 0062 0990              ld R0,y+
 0064 0FBE              OUT 63,R0
 0066 F991              ld R31,y+
 0068 E991              ld R30,y+
 006A B991              ld R27,y+
 006C A991              ld R26,y+
 006E 9991              ld R25,y+
 0070 8991              ld R24,y+
 0072 3991              ld R19,y+
 0074 2991              ld R18,y+
 0076 1991              ld R17,y+
 0078 0991              ld R16,y+
 007A 9990              ld R9,y+
 007C 8990              ld R8,y+
 007E 7990              ld R7,y+
 0080 6990              ld R6,y+
 0082 5990              ld R5,y+
 0084 4990              ld R4,y+
 0086 3990              ld R3,y+
 0088 2990              ld R2,y+
 008A 1990              ld R1,y+
 008C 0990              ld R0,y+
 008E           	.nocc_end
 008E 1895              reti
 0090                   .dbfuncend
 0090                   .dbstacksize 19
 0090                   .dbfunc e SmartIO_HardwareInit _SmartIO_HardwareInit#FvPFvvE fV 117 18263640
 0090           ;        IRQ_ISR -> R10,R11
                        .even
 0090           _SmartIO_HardwareInit#FvPFvvE::
 0090 AA92              st -y,R10
 0092 BA92              st -y,R11
 0094 5801              movw R10,R16
 0096                   .dbblock 118
 0096                   .dbline 122
 0096 B0920100          sts _hostCallback#PFvvE+1,R11
 009A A0920000          sts _hostCallback#PFvvE,R10
 009E                   .dbline 126
 009E 2A9A              sbi 0x5,2
 00A0                   .dbline 130
 00A0 84B1              in R24,0x4
 00A2 8C62              ori R24,44
 00A4 84B9              out 0x4,R24
 00A6                   .dbline 131
 00A6 2A9A              sbi 0x5,2
 00A8                   .dbline 135
 00A8 2498              cbi 0x4,4
 00AA                   .dbline 146
 00AA 85E5              ldi R24,85
 00AC 8CBD              out 0x2c,R24
 00AE                   .dbline 150
 00AE 84B1              in R24,0x4
 00B0 8F7F              andi R24,255
 00B2 84B9              out 0x4,R24
 00B4                   .dbline 154
 00B4 80916B00          lds R24,107
 00B8 8160              ori R24,1
 00BA 80936B00          sts 107,R24
 00BE                   .dbline 155
 00BE 80916800          lds R24,104
 00C2 8160              ori R24,1
 00C4 80936800          sts 104,R24
 00C8                   .dbline 159
 00C8 299A              sbi 0x5,1
 00CA                   .dbline 160
 00CA 219A              sbi 0x4,1
 00CC                   .dbline 161
 00CC 7894              sei
 00CE                   .dbline 162
 00CE 98DF              xcall _SmartIO_HardReset#Fvv
 00D0                   .dbblkend 163
 00D0           L10:
 00D0 B990              ld R11,y+
 00D2 A990              ld R10,y+
 00D4 0895              ret
 00D6                   .dbfuncend
 00D6                   .dbsym r IRQ_ISR 10 pfV
 00D6                   .dbstacksize -2
 00D6                   .dbfunc e SPI_TransferByte _SPI_TransferByte#Fhh fc 171 18263640
 00D6           ;          aByte -> R16
                        .even
 00D6           _SPI_TransferByte#Fhh::
 00D6                   .dbblock 172
 00D6                   .dbline 176
 00D6 0EBD              out 0x2e,R16
 00D8           L12:
 00D8           L13:
 00D8                   .dbline 177
 00D8 2DB4              in R2,0x2d
 00DA 27FE              sbrs R2,7
 00DC FDCF              rjmp L12
 00DE           X3:
 00DE                   .dbline 179
 00DE 0EB5              in R16,0x2e
 00E0                   .dbblkend 180
 00E0           L11:
 00E0 0895              ret
 00E2                   .dbfuncend
 00E2                   .dbsym r aByte 16 c
 00E2                   .dbstacksize -4
 00E2                   .dbfunc e SmartIO_SPI_SendBytes _SmartIO_SPI_SendBytes#FvPhi fV 186 18263640
 00E2           ;      inputChar -> <dead>
 00E2           ;        sendlen -> R20,R21
 00E2           ;        sendbuf -> R10,R11
                        .even
 00E2           _SmartIO_SPI_SendBytes#FvPhi::
 00E2 0E940000          xcall push_xgset300C
 00E6 A901              movw R20,R18
 00E8 5801              movw R10,R16
 00EA                   .dbblock 187
 00EA                   .dbline 189
 00EA 2A98              cbi 0x5,2
 00EC                   .dbline 190
 00EC 042F              mov R16,R20
 00EE F3DF              xcall _SPI_TransferByte#Fhh
 00F0                   .dbline 191
 00F0 8A01              movw R16,R20
 00F2 012F              mov R16,R17
 00F4 1127              clr R17
 00F6 07FD              sbrc R16,7
 00F8 1095              com R17
 00FA EDDF              xcall _SPI_TransferByte#Fhh
 00FC 04C0              xjmp L17
 00FE           L16:
 00FE                   .dbline 194
 00FE F501              movw R30,R10
 0100 0191              ld R16,Z+
 0102 5F01              movw R10,R30
 0104 E8DF              xcall _SPI_TransferByte#Fhh
 0106           L17:
 0106                   .dbline 192
 0106 1A01              movw R2,R20
 0108 4150              subi R20,1
 010A 5040              sbci R21,0
 010C 2220              tst R2
 010E B9F7              brne L16
 0110 3320              tst R3
 0112 A9F7              brne L16
 0114           X4:
 0114                   .dbline 196
 0114 2A9A              sbi 0x5,2
 0116                   .dbblkend 197
 0116           L15:
 0116 0C940000          xjmp pop_xgset300C
 011A 0895              ret
 011C                   .dbfuncend
 011C                   .dbsym l inputChar 1 c
 011C                   .dbsym r sendlen 20 I
 011C                   .dbsym r sendbuf 10 pc
 011C                   .dbstacksize -2
 011C                   .dbfunc e SmartIO_SPI_ReadBytes _SmartIO_SPI_ReadBytes#FiPhi fI 203 18263640
 011C           ;      byteCount -> R22,R23
 011C           ;            low -> R14,R15
 011C           ;       replylen -> R20,R21
 011C           ;         buflen -> R12,R13
 011C           ;       replybuf -> R10,R11
                        .even
 011C           _SmartIO_SPI_ReadBytes#FiPhi::
 011C 0E940000          xcall push_xgsetF0FC
 0120 6901              movw R12,R18
 0122 5801              movw R10,R16
 0124                   .dbblock 204
 0124                   .dbline 205
 0124 2A98              cbi 0x5,2
 0126                   .dbblock 206
 0126                   .dbline 206
 0126 0027              clr R16
 0128 D6DF              xcall _SPI_TransferByte#Fhh
 012A E02E              mov R14,R16
 012C FF24              clr R15
 012E                   .dbline 207
 012E 0027              clr R16
 0130 D2DF              xcall _SPI_TransferByte#Fhh
 0132 402F              mov R20,R16
 0134 5527              clr R21
 0136 542F              mov R21,R20
 0138 4427              clr R20
 013A 4E29              or R20,R14
 013C 5F29              or R21,R15
 013E                   .dbline 208
 013E C416              cp R12,R20
 0140 D506              cpc R13,R21
 0142 1CF4              brge L20
 0144           X5:
 0144                   .dbline 210
 0144 4FEF              ldi R20,-1
 0146 5FEF              ldi R21,-1
 0148                   .dbline 211
 0148 0FC0              xjmp L21
 014A           L20:
 014A                   .dbline 214
 014A BA01              movw R22,R20
 014C 06C0              xjmp L23
 014E           L22:
 014E                   .dbline 217
 014E 0027              clr R16
 0150 C2DF              xcall _SPI_TransferByte#Fhh
 0152 C02E              mov R12,R16
 0154 F501              movw R30,R10
 0156 C192              st Z+,R12
 0158 5F01              movw R10,R30
 015A           L23:
 015A                   .dbline 215
 015A 1B01              movw R2,R22
 015C 6150              subi R22,1
 015E 7040              sbci R23,0
 0160 2220              tst R2
 0162 A9F7              brne L22
 0164 3320              tst R3
 0166 99F7              brne L22
 0168           X6:
 0168           L21:
 0168                   .dbline 220
 0168 2A9A              sbi 0x5,2
 016A                   .dbline 221
 016A 8A01              movw R16,R20
 016C                   .dbblkend 222
 016C                   .dbblkend 222
 016C           L19:
 016C 0C940000          xjmp pop_xgsetF0FC
 0170 0895              ret
 0172                   .dbfuncend
 0172                   .dbsym r byteCount 22 I
 0172                   .dbsym r low 14 I
 0172                   .dbsym r replylen 20 I
 0172                   .dbsym r buflen 12 I
 0172                   .dbsym r replybuf 10 pc
 0172                   .dbstacksize 4
 0172                   .dbfunc e SmartIO_SPI_FinishRead _SmartIO_SPI_FinishRead#Fvv fV 227 18263640
                        .even
 0172           _SmartIO_SPI_FinishRead#Fvv::
 0172                   .dbblock 228
 0172           L26:
 0172           L27:
 0172                   .dbline 229
 0172 1899              sbic 0x3,0
 0174 FECF              rjmp L26
 0176           X7:
 0176                   .dbblkend 231
 0176           L25:
 0176 0895              ret
 0178                   .dbfuncend
 0178                   .dbstacksize -2
 0178                   .dbfunc e SmartIO_Error _SmartIO_Error#Fviz fV 236 18263640
 0178           ;              h -> R10,R11
 0178           ;           args -> R20,R21
 0178           ;              n -> y+4
                        .even
 0178           _SmartIO_Error#Fviz::
 0178 0E940000          xcall push_arg4
 017C 0E940000          xcall push_xgset300C
 0180                   .dbblock 237
 0180                   .dbline 241
 0180 AE01              movw R20,R28
 0182 4A5F              subi R20,250  ; offset = 6
 0184 5F4F              sbci R21,255
 0186                   .dbline 243
 0186 8C81              ldd R24,y+4
 0188 9D81              ldd R25,y+5
 018A 8130              cpi R24,1
 018C E0E0              ldi R30,0
 018E 9E07              cpc R25,R30
 0190 19F1              breq L32
 0192           X8:
 0192 8230              cpi R24,2
 0194 E0E0              ldi R30,0
 0196 9E07              cpc R25,R30
 0198 F9F0              breq L32
 019A           X9:
 019A 8330              cpi R24,3
 019C E0E0              ldi R30,0
 019E 9E07              cpc R25,R30
 01A0 D9F0              breq L32
 01A2           X10:
 01A2 8430              cpi R24,4
 01A4 E0E0              ldi R30,0
 01A6 9E07              cpc R25,R30
 01A8 B9F0              breq L32
 01AA           X11:
 01AA 8530              cpi R24,5
 01AC E0E0              ldi R30,0
 01AE 9E07              cpc R25,R30
 01B0 69F0              breq L37
 01B2           X12:
 01B2 8630              cpi R24,6
 01B4 E0E0              ldi R30,0
 01B6 9E07              cpc R25,R30
 01B8 79F0              breq L32
 01BA           X13:
 01BA 8730              cpi R24,7
 01BC E0E0              ldi R30,0
 01BE 9E07              cpc R25,R30
 01C0 59F0              breq L32
 01C2           X14:
 01C2 8930              cpi R24,9
 01C4 E0E0              ldi R30,0
 01C6 9E07              cpc R25,R30
 01C8 39F0              breq L40
 01CA           X15:
 01CA 06C0              xjmp L31
 01CC           L37:
 01CC                   .dbline 258
 01CC 4E5F              subi R20,254  ; offset = 2
 01CE 5F4F              sbci R21,255
 01D0 FA01              movw R30,R20
 01D2 3297              sbiw R30,2
 01D4 A080              ldd R10,z+0
 01D6 B180              ldd R11,z+1
 01D8           L40:
 01D8           L31:
 01D8           L32:
 01D8                   .dbblkend 270
 01D8           L29:
 01D8 0E940000          xcall pop_xgset300C
 01DC 2496              adiw R28,4
 01DE 0895              ret
 01E0                   .dbfuncend
 01E0                   .dbsym r h 10 i
 01E0                   .dbsym r args 20 pc
 01E0                   .dbsym l n 4 I
 01E0                   .dbstacksize 2
                        .area bss(ram, con, rel)
 0000                   .dbfile C:\Work\newtech\Smart.IO\MCU-App\Host_Interface_Layer\LibSmartIO-AVR-M328P-JumpStartC\smartio_hardware_interface.c
 0000           _hostCallback#PFvvE::
 0000                   .blkb 2
 0002                   .dbsym e hostCallback _hostCallback#PFvvE pfV
